<?xml version="1.0" encoding="UTF-8"?>
<!-- Generated by org.testng.reporters.JUnitXMLReporter -->
<testsuite hostname="SYSR159" ignored="0" name="Test" tests="14" failures="3" timestamp="2022-02-12T16:24:52 IST" time="235.988" errors="0">
  <testcase name="TC01_loginToReachHealthWithValidCredentials" time="7.371" classname="SeleniumJavaFramework.ReachHealthTests"/>
  <testcase name="TC02_loginToReachHealthWithInvalidCredentials" time="1.277" classname="SeleniumJavaFramework.ReachHealthTests"/>
  <testcase name="TC03_validateAllPageTabs" time="7.557" classname="SeleniumJavaFramework.ReachHealthTests">
    <failure type="java.lang.AssertionError" message="expected [https://demo.reachhealth.io/#/goals/create] but found [https://demo.reachhealth.io/#/goals]">
      <![CDATA[java.lang.AssertionError: expected [https://demo.reachhealth.io/#/goals/create] but found [https://demo.reachhealth.io/#/goals]
at SeleniumJavaFramework.ReachHealthTests.TC03_validateAllPageTabs(ReachHealthTests.java:212)
at java.util.ArrayList.forEach(ArrayList.java:1257)
... Removed 37 stack frames]]>
    </failure>
  </testcase> <!-- TC03_validateAllPageTabs -->
  <testcase name="TC04_verifyDashboardPageSections" time="7.753" classname="SeleniumJavaFramework.ReachHealthTests"/>
  <testcase name="TC05_viewQuealthReport" time="7.411" classname="SeleniumJavaFramework.ReachHealthTests"/>
  <testcase name="TC06_verifyAssessmentPageSections" time="6.298" classname="SeleniumJavaFramework.ReachHealthTests"/>
  <testcase name="TC07_verifyGoalsPageSections" time="7.43" classname="SeleniumJavaFramework.ReachHealthTests"/>
  <testcase name="TC08_verifyActivityPageSections" time="6.453" classname="SeleniumJavaFramework.ReachHealthTests"/>
  <testcase name="TC09_verifyResourcesPageSections" time="8.665" classname="SeleniumJavaFramework.ReachHealthTests"/>
  <testcase name="TC10_createAGoal" time="11.864" classname="SeleniumJavaFramework.ReachHealthTests"/>
  <testcase name="TC11_validateUserAccountSettings" time="7.394" classname="SeleniumJavaFramework.ReachHealthTests"/>
  <testcase name="TC12_validateUserAchievements" time="7.802" classname="SeleniumJavaFramework.ReachHealthTests"/>
  <testcase name="TC13_UpdateQuealthAssessmentWithPoorInputs" time="10.059" classname="SeleniumJavaFramework.ReachHealthTests">
    <failure type="org.openqa.selenium.ElementClickInterceptedException" message="element click intercepted: Element &amp;lt;span class=&amp;quot;text-small text-content-secondary&amp;quot;&amp;gt;...&amp;lt;/span&amp;gt; is not clickable at point (1068, 469). Other element would receive the click: &amp;lt;circle class=&amp;quot;fill-current&amp;quot; cx=&amp;quot;12&amp;quot; cy=&amp;quot;12&amp;quot; r=&amp;quot;12&amp;quot;&amp;gt;&amp;lt;/circle&amp;gt;
  (Session info: chrome=98.0.4758.82)
Build info: version: &amp;apos;3.141.59&amp;apos;, revision: &amp;apos;e82be7d358&amp;apos;, time: &amp;apos;2018-11-14T08:17:03&amp;apos;
System info: host: &amp;apos;SYSR159&amp;apos;, ip: &amp;apos;192.168.0.7&amp;apos;, os.name: &amp;apos;Windows 10&amp;apos;, os.arch: &amp;apos;amd64&amp;apos;, os.version: &amp;apos;10.0&amp;apos;, java.version: &amp;apos;1.8.0_201&amp;apos;
Driver info: org.openqa.selenium.chrome.ChromeDriver
Capabilities {acceptInsecureCerts: false, browserName: chrome, browserVersion: 98.0.4758.82, chrome: {chromedriverVersion: 97.0.4692.71 (adefa7837d02a..., userDataDir: C:\Users\PAVAN~1.GOU\AppDat...}, goog:chromeOptions: {debuggerAddress: localhost:54387}, javascriptEnabled: true, networkConnectionEnabled: false, pageLoadStrategy: normal, platform: WINDOWS, platformName: WINDOWS, proxy: Proxy(), setWindowRect: true, strictFileInteractability: false, timeouts: {implicit: 0, pageLoad: 300000, script: 30000}, unhandledPromptBehavior: dismiss and notify, webauthn:extension:credBlob: true, webauthn:extension:largeBlob: true, webauthn:virtualAuthenticators: true}
Session ID: e364054a8d26cd4ca8bb009acbbe2427">
      <![CDATA[org.openqa.selenium.ElementClickInterceptedException: element click intercepted: Element <span class="text-small text-content-secondary">...</span> is not clickable at point (1068, 469). Other element would receive the click: <circle class="fill-current" cx="12" cy="12" r="12"></circle>
  (Session info: chrome=98.0.4758.82)
Build info: version: '3.141.59', revision: 'e82be7d358', time: '2018-11-14T08:17:03'
System info: host: 'SYSR159', ip: '192.168.0.7', os.name: 'Windows 10', os.arch: 'amd64', os.version: '10.0', java.version: '1.8.0_201'
Driver info: org.openqa.selenium.chrome.ChromeDriver
Capabilities {acceptInsecureCerts: false, browserName: chrome, browserVersion: 98.0.4758.82, chrome: {chromedriverVersion: 97.0.4692.71 (adefa7837d02a..., userDataDir: C:\Users\PAVAN~1.GOU\AppDat...}, goog:chromeOptions: {debuggerAddress: localhost:54387}, javascriptEnabled: true, networkConnectionEnabled: false, pageLoadStrategy: normal, platform: WINDOWS, platformName: WINDOWS, proxy: Proxy(), setWindowRect: true, strictFileInteractability: false, timeouts: {implicit: 0, pageLoad: 300000, script: 30000}, unhandledPromptBehavior: dismiss and notify, webauthn:extension:credBlob: true, webauthn:extension:largeBlob: true, webauthn:virtualAuthenticators: true}
Session ID: e364054a8d26cd4ca8bb009acbbe2427
at org.openqa.selenium.remote.http.W3CHttpResponseCodec.createException(W3CHttpResponseCodec.java:187)
at org.openqa.selenium.remote.http.W3CHttpResponseCodec.decode(W3CHttpResponseCodec.java:122)
at org.openqa.selenium.remote.http.W3CHttpResponseCodec.decode(W3CHttpResponseCodec.java:49)
at org.openqa.selenium.remote.HttpCommandExecutor.execute(HttpCommandExecutor.java:158)
at org.openqa.selenium.remote.service.DriverCommandExecutor.execute(DriverCommandExecutor.java:83)
at org.openqa.selenium.remote.RemoteWebDriver.execute(RemoteWebDriver.java:552)
at org.openqa.selenium.remote.RemoteWebElement.execute(RemoteWebElement.java:285)
at org.openqa.selenium.remote.RemoteWebElement.click(RemoteWebElement.java:84)
at pageObjects.AssessmentsPage.answerModerateIntensityActivityQuestion(AssessmentsPage.java:85)
at SeleniumJavaFramework.ReachHealthTests.TC13_UpdateQuealthAssessmentWithPoorInputs(ReachHealthTests.java:767)
at java.util.ArrayList.forEach(ArrayList.java:1257)
... Removed 35 stack frames]]>
    </failure>
  </testcase> <!-- TC13_UpdateQuealthAssessmentWithPoorInputs -->
  <testcase name="TC14_UpdateQuealthAssessmentWithGoodInputs" time="10.377" classname="SeleniumJavaFramework.ReachHealthTests">
    <failure type="org.openqa.selenium.ElementNotInteractableException" message="element not interactable
  (Session info: chrome=98.0.4758.82)
Build info: version: &amp;apos;3.141.59&amp;apos;, revision: &amp;apos;e82be7d358&amp;apos;, time: &amp;apos;2018-11-14T08:17:03&amp;apos;
System info: host: &amp;apos;SYSR159&amp;apos;, ip: &amp;apos;192.168.0.7&amp;apos;, os.name: &amp;apos;Windows 10&amp;apos;, os.arch: &amp;apos;amd64&amp;apos;, os.version: &amp;apos;10.0&amp;apos;, java.version: &amp;apos;1.8.0_201&amp;apos;
Driver info: org.openqa.selenium.chrome.ChromeDriver
Capabilities {acceptInsecureCerts: false, browserName: chrome, browserVersion: 98.0.4758.82, chrome: {chromedriverVersion: 97.0.4692.71 (adefa7837d02a..., userDataDir: C:\Users\PAVAN~1.GOU\AppDat...}, goog:chromeOptions: {debuggerAddress: localhost:54423}, javascriptEnabled: true, networkConnectionEnabled: false, pageLoadStrategy: normal, platform: WINDOWS, platformName: WINDOWS, proxy: Proxy(), setWindowRect: true, strictFileInteractability: false, timeouts: {implicit: 0, pageLoad: 300000, script: 30000}, unhandledPromptBehavior: dismiss and notify, webauthn:extension:credBlob: true, webauthn:extension:largeBlob: true, webauthn:virtualAuthenticators: true}
Session ID: 1b510b96af0cfbede299d5a980203503">
      <![CDATA[org.openqa.selenium.ElementNotInteractableException: element not interactable
  (Session info: chrome=98.0.4758.82)
Build info: version: '3.141.59', revision: 'e82be7d358', time: '2018-11-14T08:17:03'
System info: host: 'SYSR159', ip: '192.168.0.7', os.name: 'Windows 10', os.arch: 'amd64', os.version: '10.0', java.version: '1.8.0_201'
Driver info: org.openqa.selenium.chrome.ChromeDriver
Capabilities {acceptInsecureCerts: false, browserName: chrome, browserVersion: 98.0.4758.82, chrome: {chromedriverVersion: 97.0.4692.71 (adefa7837d02a..., userDataDir: C:\Users\PAVAN~1.GOU\AppDat...}, goog:chromeOptions: {debuggerAddress: localhost:54423}, javascriptEnabled: true, networkConnectionEnabled: false, pageLoadStrategy: normal, platform: WINDOWS, platformName: WINDOWS, proxy: Proxy(), setWindowRect: true, strictFileInteractability: false, timeouts: {implicit: 0, pageLoad: 300000, script: 30000}, unhandledPromptBehavior: dismiss and notify, webauthn:extension:credBlob: true, webauthn:extension:largeBlob: true, webauthn:virtualAuthenticators: true}
Session ID: 1b510b96af0cfbede299d5a980203503
at org.openqa.selenium.remote.http.W3CHttpResponseCodec.createException(W3CHttpResponseCodec.java:187)
at org.openqa.selenium.remote.http.W3CHttpResponseCodec.decode(W3CHttpResponseCodec.java:122)
at org.openqa.selenium.remote.http.W3CHttpResponseCodec.decode(W3CHttpResponseCodec.java:49)
at org.openqa.selenium.remote.HttpCommandExecutor.execute(HttpCommandExecutor.java:158)
at org.openqa.selenium.remote.service.DriverCommandExecutor.execute(DriverCommandExecutor.java:83)
at org.openqa.selenium.remote.RemoteWebDriver.execute(RemoteWebDriver.java:552)
at org.openqa.selenium.remote.RemoteWebElement.execute(RemoteWebElement.java:285)
at org.openqa.selenium.remote.RemoteWebElement.sendKeys(RemoteWebElement.java:106)
at pageObjects.AssessmentsPage.answerVigorousIntensityActivityQuestion(AssessmentsPage.java:138)
at SeleniumJavaFramework.ReachHealthTests.TC14_UpdateQuealthAssessmentWithGoodInputs(ReachHealthTests.java:834)
at java.util.ArrayList.forEach(ArrayList.java:1257)
... Removed 35 stack frames]]>
    </failure>
  </testcase> <!-- TC14_UpdateQuealthAssessmentWithGoodInputs -->
</testsuite> <!-- Test -->
