<!DOCTYPE html PUBLIC "-//W3C//DTD XHTML 1.1//EN" "https://www.w3.org/TR/xhtml11/DTD/xhtml11.dtd">
<html xmlns="https://www.w3.org/1999/xhtml">
<head>
<meta http-equiv="content-type" content="text/html; charset=UTF-8"/>
<title>TestNG Report</title>
<style type="text/css">table {margin-bottom:10px;border-collapse:collapse;empty-cells:show}th,td {border:1px solid #009;padding:.25em .5em}th {vertical-align:bottom}td {vertical-align:top}table a {font-weight:bold}.stripe td {background-color: #E6EBF9}.num {text-align:right}.passedodd td {background-color: #3F3}.passedeven td {background-color: #0A0}.skippedodd td {background-color: #DDD}.skippedeven td {background-color: #CCC}.failedodd td,.attn {background-color: #F33}.failedeven td,.stripe .attn {background-color: #D00}.stacktrace {white-space:pre;font-family:monospace}.totop {font-size:85%;text-align:center;border-bottom:2px solid #000}.invisible {display:none}</style>
</head>
<body>
<table>
<tr><th>Test</th><th># Passed</th><th># Skipped</th><th># Retried</th><th># Failed</th><th>Time (ms)</th><th>Included Groups</th><th>Excluded Groups</th></tr>
<tr><th colspan="8">Suite</th></tr>
<tr><td><a href="#t0">Test</a></td><td class="num">11</td><td class="num">0</td><td class="num">0</td><td class="num attn">3</td><td class="num">235,988</td><td></td><td></td></tr>
</table>
<table id='summary'><thead><tr><th>Class</th><th>Method</th><th>Start</th><th>Time (ms)</th></tr></thead><tbody><tr><th colspan="4">Suite</th></tr></tbody><tbody id="t0"><tr><th colspan="4">Test &#8212; failed</th></tr><tr class="failedeven"><td rowspan="3">SeleniumJavaFramework.ReachHealthTests</td><td><a href="#m0">TC03_validateAllPageTabs</a></td><td rowspan="1">1644663093645</td><td rowspan="1">7557</td></tr><tr class="failedeven"><td><a href="#m1">TC13_UpdateQuealthAssessmentWithPoorInputs</a></td><td rowspan="1">1644663257692</td><td rowspan="1">10059</td></tr><tr class="failedeven"><td><a href="#m2">TC14_UpdateQuealthAssessmentWithGoodInputs</a></td><td rowspan="1">1644663277472</td><td rowspan="1">10377</td></tr><tr><th colspan="4">Test &#8212; passed</th></tr><tr class="passedeven"><td rowspan="11">SeleniumJavaFramework.ReachHealthTests</td><td><a href="#m3">TC01_loginToReachHealthWithValidCredentials</a></td><td rowspan="1">1644663067491</td><td rowspan="1">7371</td></tr><tr class="passedeven"><td><a href="#m4">TC02_loginToReachHealthWithInvalidCredentials</a></td><td rowspan="1">1644663085696</td><td rowspan="1">1277</td></tr><tr class="passedeven"><td><a href="#m5">TC04_verifyDashboardPageSections</a></td><td rowspan="1">1644663107084</td><td rowspan="1">7753</td></tr><tr class="passedeven"><td><a href="#m6">TC05_viewQuealthReport</a></td><td rowspan="1">1644663124662</td><td rowspan="1">7411</td></tr><tr class="passedeven"><td><a href="#m7">TC06_verifyAssessmentPageSections</a></td><td rowspan="1">1644663141974</td><td rowspan="1">6298</td></tr><tr class="passedeven"><td><a href="#m8">TC07_verifyGoalsPageSections</a></td><td rowspan="1">1644663157624</td><td rowspan="1">7430</td></tr><tr class="passedeven"><td><a href="#m9">TC08_verifyActivityPageSections</a></td><td rowspan="1">1644663173320</td><td rowspan="1">6453</td></tr><tr class="passedeven"><td><a href="#m10">TC09_verifyResourcesPageSections</a></td><td rowspan="1">1644663189797</td><td rowspan="1">8665</td></tr><tr class="passedeven"><td><a href="#m11">TC10_createAGoal</a></td><td rowspan="1">1644663206146</td><td rowspan="1">11864</td></tr><tr class="passedeven"><td><a href="#m12">TC11_validateUserAccountSettings</a></td><td rowspan="1">1644663227181</td><td rowspan="1">7394</td></tr><tr class="passedeven"><td><a href="#m13">TC12_validateUserAchievements</a></td><td rowspan="1">1644663244246</td><td rowspan="1">7802</td></tr></tbody>
</table>
<h2>Test</h2><h3 id="m0">SeleniumJavaFramework.ReachHealthTests#TC03_validateAllPageTabs</h3><table class="result"><tr class="param"><th>Parameter #1</th><th>Parameter #2</th></tr><tr class="param stripe"><td>Pavan.goundla+2210@zenq.com</td><td>Pavan@123</td></tr><tr><th colspan="2">Exception</th></tr><tr><td colspan="2"><div class="stacktrace">java.lang.AssertionError: expected [https://demo.reachhealth.io/#/goals/create] but found [https://demo.reachhealth.io/#/goals]
	at SeleniumJavaFramework.ReachHealthTests.TC03_validateAllPageTabs(ReachHealthTests.java:212)
	at java.util.ArrayList.forEach(ArrayList.java:1257)
... Removed 37 stack frames</div></td></tr></table><p class="totop"><a href="#summary">back to summary</a></p>
<h3 id="m1">SeleniumJavaFramework.ReachHealthTests#TC13_UpdateQuealthAssessmentWithPoorInputs</h3><table class="result"><tr class="param"><th>Parameter #1</th><th>Parameter #2</th></tr><tr class="param stripe"><td>Pavan.goundla+2210@zenq.com</td><td>Pavan@123</td></tr><tr><th colspan="2">Exception</th></tr><tr><td colspan="2"><div class="stacktrace">org.openqa.selenium.ElementClickInterceptedException: element click intercepted: Element &lt;span class=&quot;text-small text-content-secondary&quot;&gt;...&lt;/span&gt; is not clickable at point (1068, 469). Other element would receive the click: &lt;circle class=&quot;fill-current&quot; cx=&quot;12&quot; cy=&quot;12&quot; r=&quot;12&quot;&gt;&lt;/circle&gt;
  (Session info: chrome=98.0.4758.82)
Build info: version: &apos;3.141.59&apos;, revision: &apos;e82be7d358&apos;, time: &apos;2018-11-14T08:17:03&apos;
System info: host: &apos;SYSR159&apos;, ip: &apos;192.168.0.7&apos;, os.name: &apos;Windows 10&apos;, os.arch: &apos;amd64&apos;, os.version: &apos;10.0&apos;, java.version: &apos;1.8.0_201&apos;
Driver info: org.openqa.selenium.chrome.ChromeDriver
Capabilities {acceptInsecureCerts: false, browserName: chrome, browserVersion: 98.0.4758.82, chrome: {chromedriverVersion: 97.0.4692.71 (adefa7837d02a..., userDataDir: C:\Users\PAVAN~1.GOU\AppDat...}, goog:chromeOptions: {debuggerAddress: localhost:54387}, javascriptEnabled: true, networkConnectionEnabled: false, pageLoadStrategy: normal, platform: WINDOWS, platformName: WINDOWS, proxy: Proxy(), setWindowRect: true, strictFileInteractability: false, timeouts: {implicit: 0, pageLoad: 300000, script: 30000}, unhandledPromptBehavior: dismiss and notify, webauthn:extension:credBlob: true, webauthn:extension:largeBlob: true, webauthn:virtualAuthenticators: true}
Session ID: e364054a8d26cd4ca8bb009acbbe2427
	at org.openqa.selenium.remote.http.W3CHttpResponseCodec.createException(W3CHttpResponseCodec.java:187)
	at org.openqa.selenium.remote.http.W3CHttpResponseCodec.decode(W3CHttpResponseCodec.java:122)
	at org.openqa.selenium.remote.http.W3CHttpResponseCodec.decode(W3CHttpResponseCodec.java:49)
	at org.openqa.selenium.remote.HttpCommandExecutor.execute(HttpCommandExecutor.java:158)
	at org.openqa.selenium.remote.service.DriverCommandExecutor.execute(DriverCommandExecutor.java:83)
	at org.openqa.selenium.remote.RemoteWebDriver.execute(RemoteWebDriver.java:552)
	at org.openqa.selenium.remote.RemoteWebElement.execute(RemoteWebElement.java:285)
	at org.openqa.selenium.remote.RemoteWebElement.click(RemoteWebElement.java:84)
	at pageObjects.AssessmentsPage.answerModerateIntensityActivityQuestion(AssessmentsPage.java:85)
	at SeleniumJavaFramework.ReachHealthTests.TC13_UpdateQuealthAssessmentWithPoorInputs(ReachHealthTests.java:767)
	at java.util.ArrayList.forEach(ArrayList.java:1257)
... Removed 35 stack frames</div></td></tr></table><p class="totop"><a href="#summary">back to summary</a></p>
<h3 id="m2">SeleniumJavaFramework.ReachHealthTests#TC14_UpdateQuealthAssessmentWithGoodInputs</h3><table class="result"><tr class="param"><th>Parameter #1</th><th>Parameter #2</th></tr><tr class="param stripe"><td>Pavan.goundla+2210@zenq.com</td><td>Pavan@123</td></tr><tr><th colspan="2">Exception</th></tr><tr><td colspan="2"><div class="stacktrace">org.openqa.selenium.ElementNotInteractableException: element not interactable
  (Session info: chrome=98.0.4758.82)
Build info: version: &apos;3.141.59&apos;, revision: &apos;e82be7d358&apos;, time: &apos;2018-11-14T08:17:03&apos;
System info: host: &apos;SYSR159&apos;, ip: &apos;192.168.0.7&apos;, os.name: &apos;Windows 10&apos;, os.arch: &apos;amd64&apos;, os.version: &apos;10.0&apos;, java.version: &apos;1.8.0_201&apos;
Driver info: org.openqa.selenium.chrome.ChromeDriver
Capabilities {acceptInsecureCerts: false, browserName: chrome, browserVersion: 98.0.4758.82, chrome: {chromedriverVersion: 97.0.4692.71 (adefa7837d02a..., userDataDir: C:\Users\PAVAN~1.GOU\AppDat...}, goog:chromeOptions: {debuggerAddress: localhost:54423}, javascriptEnabled: true, networkConnectionEnabled: false, pageLoadStrategy: normal, platform: WINDOWS, platformName: WINDOWS, proxy: Proxy(), setWindowRect: true, strictFileInteractability: false, timeouts: {implicit: 0, pageLoad: 300000, script: 30000}, unhandledPromptBehavior: dismiss and notify, webauthn:extension:credBlob: true, webauthn:extension:largeBlob: true, webauthn:virtualAuthenticators: true}
Session ID: 1b510b96af0cfbede299d5a980203503
	at org.openqa.selenium.remote.http.W3CHttpResponseCodec.createException(W3CHttpResponseCodec.java:187)
	at org.openqa.selenium.remote.http.W3CHttpResponseCodec.decode(W3CHttpResponseCodec.java:122)
	at org.openqa.selenium.remote.http.W3CHttpResponseCodec.decode(W3CHttpResponseCodec.java:49)
	at org.openqa.selenium.remote.HttpCommandExecutor.execute(HttpCommandExecutor.java:158)
	at org.openqa.selenium.remote.service.DriverCommandExecutor.execute(DriverCommandExecutor.java:83)
	at org.openqa.selenium.remote.RemoteWebDriver.execute(RemoteWebDriver.java:552)
	at org.openqa.selenium.remote.RemoteWebElement.execute(RemoteWebElement.java:285)
	at org.openqa.selenium.remote.RemoteWebElement.sendKeys(RemoteWebElement.java:106)
	at pageObjects.AssessmentsPage.answerVigorousIntensityActivityQuestion(AssessmentsPage.java:138)
	at SeleniumJavaFramework.ReachHealthTests.TC14_UpdateQuealthAssessmentWithGoodInputs(ReachHealthTests.java:834)
	at java.util.ArrayList.forEach(ArrayList.java:1257)
... Removed 35 stack frames</div></td></tr></table><p class="totop"><a href="#summary">back to summary</a></p>
<h3 id="m3">SeleniumJavaFramework.ReachHealthTests#TC01_loginToReachHealthWithValidCredentials</h3><table class="result"><tr class="param"><th>Parameter #1</th><th>Parameter #2</th></tr><tr class="param stripe"><td>Pavan.goundla+2210@zenq.com</td><td>Pavan@123</td></tr></table><p class="totop"><a href="#summary">back to summary</a></p>
<h3 id="m4">SeleniumJavaFramework.ReachHealthTests#TC02_loginToReachHealthWithInvalidCredentials</h3><table class="result"><tr><th class="invisible"/></tr></table><p class="totop"><a href="#summary">back to summary</a></p>
<h3 id="m5">SeleniumJavaFramework.ReachHealthTests#TC04_verifyDashboardPageSections</h3><table class="result"><tr class="param"><th>Parameter #1</th><th>Parameter #2</th></tr><tr class="param stripe"><td>Pavan.goundla+2210@zenq.com</td><td>Pavan@123</td></tr></table><p class="totop"><a href="#summary">back to summary</a></p>
<h3 id="m6">SeleniumJavaFramework.ReachHealthTests#TC05_viewQuealthReport</h3><table class="result"><tr class="param"><th>Parameter #1</th><th>Parameter #2</th></tr><tr class="param stripe"><td>Pavan.goundla+2210@zenq.com</td><td>Pavan@123</td></tr></table><p class="totop"><a href="#summary">back to summary</a></p>
<h3 id="m7">SeleniumJavaFramework.ReachHealthTests#TC06_verifyAssessmentPageSections</h3><table class="result"><tr class="param"><th>Parameter #1</th><th>Parameter #2</th></tr><tr class="param stripe"><td>Pavan.goundla+2210@zenq.com</td><td>Pavan@123</td></tr></table><p class="totop"><a href="#summary">back to summary</a></p>
<h3 id="m8">SeleniumJavaFramework.ReachHealthTests#TC07_verifyGoalsPageSections</h3><table class="result"><tr class="param"><th>Parameter #1</th><th>Parameter #2</th></tr><tr class="param stripe"><td>Pavan.goundla+2210@zenq.com</td><td>Pavan@123</td></tr></table><p class="totop"><a href="#summary">back to summary</a></p>
<h3 id="m9">SeleniumJavaFramework.ReachHealthTests#TC08_verifyActivityPageSections</h3><table class="result"><tr class="param"><th>Parameter #1</th><th>Parameter #2</th></tr><tr class="param stripe"><td>Pavan.goundla+2210@zenq.com</td><td>Pavan@123</td></tr></table><p class="totop"><a href="#summary">back to summary</a></p>
<h3 id="m10">SeleniumJavaFramework.ReachHealthTests#TC09_verifyResourcesPageSections</h3><table class="result"><tr class="param"><th>Parameter #1</th><th>Parameter #2</th></tr><tr class="param stripe"><td>Pavan.goundla+2210@zenq.com</td><td>Pavan@123</td></tr></table><p class="totop"><a href="#summary">back to summary</a></p>
<h3 id="m11">SeleniumJavaFramework.ReachHealthTests#TC10_createAGoal</h3><table class="result"><tr class="param"><th>Parameter #1</th><th>Parameter #2</th></tr><tr class="param stripe"><td>Pavan.goundla+2210@zenq.com</td><td>Pavan@123</td></tr></table><p class="totop"><a href="#summary">back to summary</a></p>
<h3 id="m12">SeleniumJavaFramework.ReachHealthTests#TC11_validateUserAccountSettings</h3><table class="result"><tr class="param"><th>Parameter #1</th><th>Parameter #2</th></tr><tr class="param stripe"><td>Pavan.goundla+2210@zenq.com</td><td>Pavan@123</td></tr></table><p class="totop"><a href="#summary">back to summary</a></p>
<h3 id="m13">SeleniumJavaFramework.ReachHealthTests#TC12_validateUserAchievements</h3><table class="result"><tr class="param"><th>Parameter #1</th><th>Parameter #2</th></tr><tr class="param stripe"><td>Pavan.goundla+2210@zenq.com</td><td>Pavan@123</td></tr></table><p class="totop"><a href="#summary">back to summary</a></p>
</body>
</html>
