<?xml version="1.0" encoding="UTF-8"?>
<testng-results skipped="0" failed="3" ignored="0" total="14" passed="11">
  <reporter-output>
  </reporter-output>
  <suite name="Suite" duration-ms="235988" started-at="2022-02-12T16:20:56 IST" finished-at="2022-02-12T16:24:52 IST">
    <groups>
    </groups>
    <test name="Test" duration-ms="235988" started-at="2022-02-12T16:20:56 IST" finished-at="2022-02-12T16:24:52 IST">
      <class name="SeleniumJavaFramework.ReachHealthTests">
        <test-method status="PASS" signature="setUp()[pri:0, instance:SeleniumJavaFramework.ReachHealthTests@ea6147e]" name="setUp" is-config="true" duration-ms="11189" started-at="2022-02-12T16:20:56 IST" finished-at="2022-02-12T16:21:07 IST">
          <reporter-output>
          </reporter-output>
        </test-method> <!-- setUp -->
        <test-method status="PASS" signature="TC01_loginToReachHealthWithValidCredentials(java.lang.String,java.lang.String)[pri:0, instance:SeleniumJavaFramework.ReachHealthTests@ea6147e]" name="TC01_loginToReachHealthWithValidCredentials" duration-ms="7371" started-at="2022-02-12T16:21:07 IST" data-provider="getData" finished-at="2022-02-12T16:21:14 IST">
          <params>
            <param index="0">
              <value>
                <![CDATA[Pavan.goundla+2210@zenq.com]]>
              </value>
            </param>
            <param index="1">
              <value>
                <![CDATA[Pavan@123]]>
              </value>
            </param>
          </params>
          <reporter-output>
          </reporter-output>
        </test-method> <!-- TC01_loginToReachHealthWithValidCredentials -->
        <test-method status="PASS" signature="tearDown()[pri:0, instance:SeleniumJavaFramework.ReachHealthTests@ea6147e]" name="tearDown" is-config="true" duration-ms="4221" started-at="2022-02-12T16:21:14 IST" finished-at="2022-02-12T16:21:19 IST">
          <reporter-output>
          </reporter-output>
        </test-method> <!-- tearDown -->
        <test-method status="PASS" signature="setUp()[pri:0, instance:SeleniumJavaFramework.ReachHealthTests@ea6147e]" name="setUp" is-config="true" duration-ms="6599" started-at="2022-02-12T16:21:19 IST" finished-at="2022-02-12T16:21:25 IST">
          <reporter-output>
          </reporter-output>
        </test-method> <!-- setUp -->
        <test-method status="PASS" signature="TC02_loginToReachHealthWithInvalidCredentials()[pri:0, instance:SeleniumJavaFramework.ReachHealthTests@ea6147e]" name="TC02_loginToReachHealthWithInvalidCredentials" duration-ms="1277" started-at="2022-02-12T16:21:25 IST" finished-at="2022-02-12T16:21:26 IST">
          <reporter-output>
          </reporter-output>
        </test-method> <!-- TC02_loginToReachHealthWithInvalidCredentials -->
        <test-method status="PASS" signature="tearDown()[pri:0, instance:SeleniumJavaFramework.ReachHealthTests@ea6147e]" name="tearDown" is-config="true" duration-ms="221" started-at="2022-02-12T16:21:26 IST" finished-at="2022-02-12T16:21:27 IST">
          <reporter-output>
          </reporter-output>
        </test-method> <!-- tearDown -->
        <test-method status="PASS" signature="setUp()[pri:0, instance:SeleniumJavaFramework.ReachHealthTests@ea6147e]" name="setUp" is-config="true" duration-ms="6449" started-at="2022-02-12T16:21:27 IST" finished-at="2022-02-12T16:21:33 IST">
          <reporter-output>
          </reporter-output>
        </test-method> <!-- setUp -->
        <test-method status="FAIL" signature="TC03_validateAllPageTabs(java.lang.String,java.lang.String)[pri:0, instance:SeleniumJavaFramework.ReachHealthTests@ea6147e]" name="TC03_validateAllPageTabs" duration-ms="7557" started-at="2022-02-12T16:21:33 IST" data-provider="getData" finished-at="2022-02-12T16:21:41 IST">
          <params>
            <param index="0">
              <value>
                <![CDATA[Pavan.goundla+2210@zenq.com]]>
              </value>
            </param>
            <param index="1">
              <value>
                <![CDATA[Pavan@123]]>
              </value>
            </param>
          </params>
          <exception class="java.lang.AssertionError">
            <message>
              <![CDATA[expected [https://demo.reachhealth.io/#/goals/create] but found [https://demo.reachhealth.io/#/goals]]]>
            </message>
            <full-stacktrace>
              <![CDATA[java.lang.AssertionError: expected [https://demo.reachhealth.io/#/goals/create] but found [https://demo.reachhealth.io/#/goals]
at org.testng.Assert.fail(Assert.java:99)
at org.testng.Assert.failNotEquals(Assert.java:1037)
at org.testng.Assert.assertEqualsImpl(Assert.java:140)
at org.testng.Assert.assertEquals(Assert.java:122)
at org.testng.Assert.assertEquals(Assert.java:629)
at org.testng.Assert.assertEquals(Assert.java:639)
at SeleniumJavaFramework.ReachHealthTests.TC03_validateAllPageTabs(ReachHealthTests.java:212)
at sun.reflect.NativeMethodAccessorImpl.invoke0(Native Method)
at sun.reflect.NativeMethodAccessorImpl.invoke(NativeMethodAccessorImpl.java:62)
at sun.reflect.DelegatingMethodAccessorImpl.invoke(DelegatingMethodAccessorImpl.java:43)
at java.lang.reflect.Method.invoke(Method.java:498)
at org.testng.internal.MethodInvocationHelper.invokeMethod(MethodInvocationHelper.java:133)
at org.testng.internal.TestInvoker.invokeMethod(TestInvoker.java:598)
at org.testng.internal.TestInvoker.invokeTestMethod(TestInvoker.java:173)
at org.testng.internal.MethodRunner.runInSequence(MethodRunner.java:46)
at org.testng.internal.TestInvoker$MethodInvocationAgent.invoke(TestInvoker.java:824)
at org.testng.internal.TestInvoker.invokeTestMethods(TestInvoker.java:146)
at org.testng.internal.TestMethodWorker.invokeTestMethods(TestMethodWorker.java:146)
at org.testng.internal.TestMethodWorker.run(TestMethodWorker.java:128)
at java.util.ArrayList.forEach(ArrayList.java:1257)
at org.testng.TestRunner.privateRun(TestRunner.java:794)
at org.testng.TestRunner.run(TestRunner.java:596)
at org.testng.SuiteRunner.runTest(SuiteRunner.java:377)
at org.testng.SuiteRunner.runSequentially(SuiteRunner.java:371)
at org.testng.SuiteRunner.privateRun(SuiteRunner.java:332)
at org.testng.SuiteRunner.run(SuiteRunner.java:276)
at org.testng.SuiteRunnerWorker.runSuite(SuiteRunnerWorker.java:53)
at org.testng.SuiteRunnerWorker.run(SuiteRunnerWorker.java:96)
at org.testng.TestNG.runSuitesSequentially(TestNG.java:1212)
at org.testng.TestNG.runSuitesLocally(TestNG.java:1134)
at org.testng.TestNG.runSuites(TestNG.java:1063)
at org.testng.TestNG.run(TestNG.java:1031)
at org.apache.maven.surefire.testng.TestNGExecutor.run(TestNGExecutor.java:284)
at org.apache.maven.surefire.testng.TestNGXmlTestSuite.execute(TestNGXmlTestSuite.java:75)
at org.apache.maven.surefire.testng.TestNGProvider.invoke(TestNGProvider.java:119)
at org.apache.maven.surefire.booter.ForkedBooter.runSuitesInProcess(ForkedBooter.java:428)
at org.apache.maven.surefire.booter.ForkedBooter.execute(ForkedBooter.java:162)
at org.apache.maven.surefire.booter.ForkedBooter.run(ForkedBooter.java:562)
at org.apache.maven.surefire.booter.ForkedBooter.main(ForkedBooter.java:548)
]]>
            </full-stacktrace>
          </exception> <!-- java.lang.AssertionError -->
          <reporter-output>
          </reporter-output>
        </test-method> <!-- TC03_validateAllPageTabs -->
        <test-method status="PASS" signature="tearDown()[pri:0, instance:SeleniumJavaFramework.ReachHealthTests@ea6147e]" name="tearDown" is-config="true" duration-ms="298" started-at="2022-02-12T16:21:41 IST" finished-at="2022-02-12T16:21:41 IST">
          <reporter-output>
          </reporter-output>
        </test-method> <!-- tearDown -->
        <test-method status="PASS" signature="setUp()[pri:0, instance:SeleniumJavaFramework.ReachHealthTests@ea6147e]" name="setUp" is-config="true" duration-ms="5223" started-at="2022-02-12T16:21:41 IST" finished-at="2022-02-12T16:21:47 IST">
          <reporter-output>
          </reporter-output>
        </test-method> <!-- setUp -->
        <test-method status="PASS" signature="TC04_verifyDashboardPageSections(java.lang.String,java.lang.String)[pri:0, instance:SeleniumJavaFramework.ReachHealthTests@ea6147e]" name="TC04_verifyDashboardPageSections" duration-ms="7753" started-at="2022-02-12T16:21:47 IST" data-provider="getData" finished-at="2022-02-12T16:21:54 IST">
          <params>
            <param index="0">
              <value>
                <![CDATA[Pavan.goundla+2210@zenq.com]]>
              </value>
            </param>
            <param index="1">
              <value>
                <![CDATA[Pavan@123]]>
              </value>
            </param>
          </params>
          <reporter-output>
          </reporter-output>
        </test-method> <!-- TC04_verifyDashboardPageSections -->
        <test-method status="PASS" signature="tearDown()[pri:0, instance:SeleniumJavaFramework.ReachHealthTests@ea6147e]" name="tearDown" is-config="true" duration-ms="4180" started-at="2022-02-12T16:21:54 IST" finished-at="2022-02-12T16:21:59 IST">
          <reporter-output>
          </reporter-output>
        </test-method> <!-- tearDown -->
        <test-method status="PASS" signature="setUp()[pri:0, instance:SeleniumJavaFramework.ReachHealthTests@ea6147e]" name="setUp" is-config="true" duration-ms="5641" started-at="2022-02-12T16:21:59 IST" finished-at="2022-02-12T16:22:04 IST">
          <reporter-output>
          </reporter-output>
        </test-method> <!-- setUp -->
        <test-method status="PASS" signature="TC05_viewQuealthReport(java.lang.String,java.lang.String)[pri:0, instance:SeleniumJavaFramework.ReachHealthTests@ea6147e]" name="TC05_viewQuealthReport" duration-ms="7411" started-at="2022-02-12T16:22:04 IST" data-provider="getData" finished-at="2022-02-12T16:22:12 IST">
          <params>
            <param index="0">
              <value>
                <![CDATA[Pavan.goundla+2210@zenq.com]]>
              </value>
            </param>
            <param index="1">
              <value>
                <![CDATA[Pavan@123]]>
              </value>
            </param>
          </params>
          <reporter-output>
          </reporter-output>
        </test-method> <!-- TC05_viewQuealthReport -->
        <test-method status="PASS" signature="tearDown()[pri:0, instance:SeleniumJavaFramework.ReachHealthTests@ea6147e]" name="tearDown" is-config="true" duration-ms="4194" started-at="2022-02-12T16:22:12 IST" finished-at="2022-02-12T16:22:16 IST">
          <reporter-output>
          </reporter-output>
        </test-method> <!-- tearDown -->
        <test-method status="PASS" signature="setUp()[pri:0, instance:SeleniumJavaFramework.ReachHealthTests@ea6147e]" name="setUp" is-config="true" duration-ms="5703" started-at="2022-02-12T16:22:16 IST" finished-at="2022-02-12T16:22:21 IST">
          <reporter-output>
          </reporter-output>
        </test-method> <!-- setUp -->
        <test-method status="PASS" signature="TC06_verifyAssessmentPageSections(java.lang.String,java.lang.String)[pri:0, instance:SeleniumJavaFramework.ReachHealthTests@ea6147e]" name="TC06_verifyAssessmentPageSections" duration-ms="6298" started-at="2022-02-12T16:22:21 IST" data-provider="getData" finished-at="2022-02-12T16:22:28 IST">
          <params>
            <param index="0">
              <value>
                <![CDATA[Pavan.goundla+2210@zenq.com]]>
              </value>
            </param>
            <param index="1">
              <value>
                <![CDATA[Pavan@123]]>
              </value>
            </param>
          </params>
          <reporter-output>
          </reporter-output>
        </test-method> <!-- TC06_verifyAssessmentPageSections -->
        <test-method status="PASS" signature="tearDown()[pri:0, instance:SeleniumJavaFramework.ReachHealthTests@ea6147e]" name="tearDown" is-config="true" duration-ms="4189" started-at="2022-02-12T16:22:28 IST" finished-at="2022-02-12T16:22:32 IST">
          <reporter-output>
          </reporter-output>
        </test-method> <!-- tearDown -->
        <test-method status="PASS" signature="setUp()[pri:0, instance:SeleniumJavaFramework.ReachHealthTests@ea6147e]" name="setUp" is-config="true" duration-ms="5159" started-at="2022-02-12T16:22:32 IST" finished-at="2022-02-12T16:22:37 IST">
          <reporter-output>
          </reporter-output>
        </test-method> <!-- setUp -->
        <test-method status="PASS" signature="TC07_verifyGoalsPageSections(java.lang.String,java.lang.String)[pri:0, instance:SeleniumJavaFramework.ReachHealthTests@ea6147e]" name="TC07_verifyGoalsPageSections" duration-ms="7430" started-at="2022-02-12T16:22:37 IST" data-provider="getData" finished-at="2022-02-12T16:22:45 IST">
          <params>
            <param index="0">
              <value>
                <![CDATA[Pavan.goundla+2210@zenq.com]]>
              </value>
            </param>
            <param index="1">
              <value>
                <![CDATA[Pavan@123]]>
              </value>
            </param>
          </params>
          <reporter-output>
          </reporter-output>
        </test-method> <!-- TC07_verifyGoalsPageSections -->
        <test-method status="PASS" signature="tearDown()[pri:0, instance:SeleniumJavaFramework.ReachHealthTests@ea6147e]" name="tearDown" is-config="true" duration-ms="211" started-at="2022-02-12T16:22:45 IST" finished-at="2022-02-12T16:22:45 IST">
          <reporter-output>
          </reporter-output>
        </test-method> <!-- tearDown -->
        <test-method status="PASS" signature="setUp()[pri:0, instance:SeleniumJavaFramework.ReachHealthTests@ea6147e]" name="setUp" is-config="true" duration-ms="8053" started-at="2022-02-12T16:22:45 IST" finished-at="2022-02-12T16:22:53 IST">
          <reporter-output>
          </reporter-output>
        </test-method> <!-- setUp -->
        <test-method status="PASS" signature="TC08_verifyActivityPageSections(java.lang.String,java.lang.String)[pri:0, instance:SeleniumJavaFramework.ReachHealthTests@ea6147e]" name="TC08_verifyActivityPageSections" duration-ms="6453" started-at="2022-02-12T16:22:53 IST" data-provider="getData" finished-at="2022-02-12T16:22:59 IST">
          <params>
            <param index="0">
              <value>
                <![CDATA[Pavan.goundla+2210@zenq.com]]>
              </value>
            </param>
            <param index="1">
              <value>
                <![CDATA[Pavan@123]]>
              </value>
            </param>
          </params>
          <reporter-output>
          </reporter-output>
        </test-method> <!-- TC08_verifyActivityPageSections -->
        <test-method status="PASS" signature="tearDown()[pri:0, instance:SeleniumJavaFramework.ReachHealthTests@ea6147e]" name="tearDown" is-config="true" duration-ms="4208" started-at="2022-02-12T16:22:59 IST" finished-at="2022-02-12T16:23:03 IST">
          <reporter-output>
          </reporter-output>
        </test-method> <!-- tearDown -->
        <test-method status="PASS" signature="setUp()[pri:0, instance:SeleniumJavaFramework.ReachHealthTests@ea6147e]" name="setUp" is-config="true" duration-ms="5812" started-at="2022-02-12T16:23:03 IST" finished-at="2022-02-12T16:23:09 IST">
          <reporter-output>
          </reporter-output>
        </test-method> <!-- setUp -->
        <test-method status="PASS" signature="TC09_verifyResourcesPageSections(java.lang.String,java.lang.String)[pri:0, instance:SeleniumJavaFramework.ReachHealthTests@ea6147e]" name="TC09_verifyResourcesPageSections" duration-ms="8665" started-at="2022-02-12T16:23:09 IST" data-provider="getData" finished-at="2022-02-12T16:23:18 IST">
          <params>
            <param index="0">
              <value>
                <![CDATA[Pavan.goundla+2210@zenq.com]]>
              </value>
            </param>
            <param index="1">
              <value>
                <![CDATA[Pavan@123]]>
              </value>
            </param>
          </params>
          <reporter-output>
          </reporter-output>
        </test-method> <!-- TC09_verifyResourcesPageSections -->
        <test-method status="PASS" signature="tearDown()[pri:0, instance:SeleniumJavaFramework.ReachHealthTests@ea6147e]" name="tearDown" is-config="true" duration-ms="210" started-at="2022-02-12T16:23:18 IST" finished-at="2022-02-12T16:23:18 IST">
          <reporter-output>
          </reporter-output>
        </test-method> <!-- tearDown -->
        <test-method status="PASS" signature="setUp()[pri:0, instance:SeleniumJavaFramework.ReachHealthTests@ea6147e]" name="setUp" is-config="true" duration-ms="7472" started-at="2022-02-12T16:23:18 IST" finished-at="2022-02-12T16:23:26 IST">
          <reporter-output>
          </reporter-output>
        </test-method> <!-- setUp -->
        <test-method status="PASS" signature="TC10_createAGoal(java.lang.String,java.lang.String)[pri:0, instance:SeleniumJavaFramework.ReachHealthTests@ea6147e]" name="TC10_createAGoal" duration-ms="11864" started-at="2022-02-12T16:23:26 IST" data-provider="getData" finished-at="2022-02-12T16:23:38 IST">
          <params>
            <param index="0">
              <value>
                <![CDATA[Pavan.goundla+2210@zenq.com]]>
              </value>
            </param>
            <param index="1">
              <value>
                <![CDATA[Pavan@123]]>
              </value>
            </param>
          </params>
          <reporter-output>
          </reporter-output>
        </test-method> <!-- TC10_createAGoal -->
        <test-method status="PASS" signature="tearDown()[pri:0, instance:SeleniumJavaFramework.ReachHealthTests@ea6147e]" name="tearDown" is-config="true" duration-ms="4189" started-at="2022-02-12T16:23:38 IST" finished-at="2022-02-12T16:23:42 IST">
          <reporter-output>
          </reporter-output>
        </test-method> <!-- tearDown -->
        <test-method status="PASS" signature="setUp()[pri:0, instance:SeleniumJavaFramework.ReachHealthTests@ea6147e]" name="setUp" is-config="true" duration-ms="4978" started-at="2022-02-12T16:23:42 IST" finished-at="2022-02-12T16:23:47 IST">
          <reporter-output>
          </reporter-output>
        </test-method> <!-- setUp -->
        <test-method status="PASS" signature="TC11_validateUserAccountSettings(java.lang.String,java.lang.String)[pri:0, instance:SeleniumJavaFramework.ReachHealthTests@ea6147e]" name="TC11_validateUserAccountSettings" duration-ms="7394" started-at="2022-02-12T16:23:47 IST" data-provider="getData" finished-at="2022-02-12T16:23:54 IST">
          <params>
            <param index="0">
              <value>
                <![CDATA[Pavan.goundla+2210@zenq.com]]>
              </value>
            </param>
            <param index="1">
              <value>
                <![CDATA[Pavan@123]]>
              </value>
            </param>
          </params>
          <reporter-output>
          </reporter-output>
        </test-method> <!-- TC11_validateUserAccountSettings -->
        <test-method status="PASS" signature="tearDown()[pri:0, instance:SeleniumJavaFramework.ReachHealthTests@ea6147e]" name="tearDown" is-config="true" duration-ms="4197" started-at="2022-02-12T16:23:54 IST" finished-at="2022-02-12T16:23:58 IST">
          <reporter-output>
          </reporter-output>
        </test-method> <!-- tearDown -->
        <test-method status="PASS" signature="setUp()[pri:0, instance:SeleniumJavaFramework.ReachHealthTests@ea6147e]" name="setUp" is-config="true" duration-ms="5471" started-at="2022-02-12T16:23:58 IST" finished-at="2022-02-12T16:24:04 IST">
          <reporter-output>
          </reporter-output>
        </test-method> <!-- setUp -->
        <test-method status="PASS" signature="TC12_validateUserAchievements(java.lang.String,java.lang.String)[pri:0, instance:SeleniumJavaFramework.ReachHealthTests@ea6147e]" name="TC12_validateUserAchievements" duration-ms="7802" started-at="2022-02-12T16:24:04 IST" data-provider="getData" finished-at="2022-02-12T16:24:12 IST">
          <params>
            <param index="0">
              <value>
                <![CDATA[Pavan.goundla+2210@zenq.com]]>
              </value>
            </param>
            <param index="1">
              <value>
                <![CDATA[Pavan@123]]>
              </value>
            </param>
          </params>
          <reporter-output>
          </reporter-output>
        </test-method> <!-- TC12_validateUserAchievements -->
        <test-method status="PASS" signature="tearDown()[pri:0, instance:SeleniumJavaFramework.ReachHealthTests@ea6147e]" name="tearDown" is-config="true" duration-ms="197" started-at="2022-02-12T16:24:12 IST" finished-at="2022-02-12T16:24:12 IST">
          <reporter-output>
          </reporter-output>
        </test-method> <!-- tearDown -->
        <test-method status="PASS" signature="setUp()[pri:0, instance:SeleniumJavaFramework.ReachHealthTests@ea6147e]" name="setUp" is-config="true" duration-ms="5446" started-at="2022-02-12T16:24:12 IST" finished-at="2022-02-12T16:24:17 IST">
          <reporter-output>
          </reporter-output>
        </test-method> <!-- setUp -->
        <test-method status="FAIL" signature="TC13_UpdateQuealthAssessmentWithPoorInputs(java.lang.String,java.lang.String)[pri:0, instance:SeleniumJavaFramework.ReachHealthTests@ea6147e]" name="TC13_UpdateQuealthAssessmentWithPoorInputs" duration-ms="10059" started-at="2022-02-12T16:24:17 IST" data-provider="getData" finished-at="2022-02-12T16:24:27 IST">
          <params>
            <param index="0">
              <value>
                <![CDATA[Pavan.goundla+2210@zenq.com]]>
              </value>
            </param>
            <param index="1">
              <value>
                <![CDATA[Pavan@123]]>
              </value>
            </param>
          </params>
          <exception class="org.openqa.selenium.ElementClickInterceptedException">
            <message>
              <![CDATA[element click intercepted: Element <span class="text-small text-content-secondary">...</span> is not clickable at point (1068, 469). Other element would receive the click: <circle class="fill-current" cx="12" cy="12" r="12"></circle>
  (Session info: chrome=98.0.4758.82)
Build info: version: '3.141.59', revision: 'e82be7d358', time: '2018-11-14T08:17:03'
System info: host: 'SYSR159', ip: '192.168.0.7', os.name: 'Windows 10', os.arch: 'amd64', os.version: '10.0', java.version: '1.8.0_201'
Driver info: org.openqa.selenium.chrome.ChromeDriver
Capabilities {acceptInsecureCerts: false, browserName: chrome, browserVersion: 98.0.4758.82, chrome: {chromedriverVersion: 97.0.4692.71 (adefa7837d02a..., userDataDir: C:\Users\PAVAN~1.GOU\AppDat...}, goog:chromeOptions: {debuggerAddress: localhost:54387}, javascriptEnabled: true, networkConnectionEnabled: false, pageLoadStrategy: normal, platform: WINDOWS, platformName: WINDOWS, proxy: Proxy(), setWindowRect: true, strictFileInteractability: false, timeouts: {implicit: 0, pageLoad: 300000, script: 30000}, unhandledPromptBehavior: dismiss and notify, webauthn:extension:credBlob: true, webauthn:extension:largeBlob: true, webauthn:virtualAuthenticators: true}
Session ID: e364054a8d26cd4ca8bb009acbbe2427]]>
            </message>
            <full-stacktrace>
              <![CDATA[org.openqa.selenium.ElementClickInterceptedException: element click intercepted: Element <span class="text-small text-content-secondary">...</span> is not clickable at point (1068, 469). Other element would receive the click: <circle class="fill-current" cx="12" cy="12" r="12"></circle>
  (Session info: chrome=98.0.4758.82)
Build info: version: '3.141.59', revision: 'e82be7d358', time: '2018-11-14T08:17:03'
System info: host: 'SYSR159', ip: '192.168.0.7', os.name: 'Windows 10', os.arch: 'amd64', os.version: '10.0', java.version: '1.8.0_201'
Driver info: org.openqa.selenium.chrome.ChromeDriver
Capabilities {acceptInsecureCerts: false, browserName: chrome, browserVersion: 98.0.4758.82, chrome: {chromedriverVersion: 97.0.4692.71 (adefa7837d02a..., userDataDir: C:\Users\PAVAN~1.GOU\AppDat...}, goog:chromeOptions: {debuggerAddress: localhost:54387}, javascriptEnabled: true, networkConnectionEnabled: false, pageLoadStrategy: normal, platform: WINDOWS, platformName: WINDOWS, proxy: Proxy(), setWindowRect: true, strictFileInteractability: false, timeouts: {implicit: 0, pageLoad: 300000, script: 30000}, unhandledPromptBehavior: dismiss and notify, webauthn:extension:credBlob: true, webauthn:extension:largeBlob: true, webauthn:virtualAuthenticators: true}
Session ID: e364054a8d26cd4ca8bb009acbbe2427
at sun.reflect.NativeConstructorAccessorImpl.newInstance0(Native Method)
at sun.reflect.NativeConstructorAccessorImpl.newInstance(NativeConstructorAccessorImpl.java:62)
at sun.reflect.DelegatingConstructorAccessorImpl.newInstance(DelegatingConstructorAccessorImpl.java:45)
at java.lang.reflect.Constructor.newInstance(Constructor.java:423)
at org.openqa.selenium.remote.http.W3CHttpResponseCodec.createException(W3CHttpResponseCodec.java:187)
at org.openqa.selenium.remote.http.W3CHttpResponseCodec.decode(W3CHttpResponseCodec.java:122)
at org.openqa.selenium.remote.http.W3CHttpResponseCodec.decode(W3CHttpResponseCodec.java:49)
at org.openqa.selenium.remote.HttpCommandExecutor.execute(HttpCommandExecutor.java:158)
at org.openqa.selenium.remote.service.DriverCommandExecutor.execute(DriverCommandExecutor.java:83)
at org.openqa.selenium.remote.RemoteWebDriver.execute(RemoteWebDriver.java:552)
at org.openqa.selenium.remote.RemoteWebElement.execute(RemoteWebElement.java:285)
at org.openqa.selenium.remote.RemoteWebElement.click(RemoteWebElement.java:84)
at pageObjects.AssessmentsPage.answerModerateIntensityActivityQuestion(AssessmentsPage.java:85)
at SeleniumJavaFramework.ReachHealthTests.TC13_UpdateQuealthAssessmentWithPoorInputs(ReachHealthTests.java:767)
at sun.reflect.NativeMethodAccessorImpl.invoke0(Native Method)
at sun.reflect.NativeMethodAccessorImpl.invoke(NativeMethodAccessorImpl.java:62)
at sun.reflect.DelegatingMethodAccessorImpl.invoke(DelegatingMethodAccessorImpl.java:43)
at java.lang.reflect.Method.invoke(Method.java:498)
at org.testng.internal.MethodInvocationHelper.invokeMethod(MethodInvocationHelper.java:133)
at org.testng.internal.TestInvoker.invokeMethod(TestInvoker.java:598)
at org.testng.internal.TestInvoker.invokeTestMethod(TestInvoker.java:173)
at org.testng.internal.MethodRunner.runInSequence(MethodRunner.java:46)
at org.testng.internal.TestInvoker$MethodInvocationAgent.invoke(TestInvoker.java:824)
at org.testng.internal.TestInvoker.invokeTestMethods(TestInvoker.java:146)
at org.testng.internal.TestMethodWorker.invokeTestMethods(TestMethodWorker.java:146)
at org.testng.internal.TestMethodWorker.run(TestMethodWorker.java:128)
at java.util.ArrayList.forEach(ArrayList.java:1257)
at org.testng.TestRunner.privateRun(TestRunner.java:794)
at org.testng.TestRunner.run(TestRunner.java:596)
at org.testng.SuiteRunner.runTest(SuiteRunner.java:377)
at org.testng.SuiteRunner.runSequentially(SuiteRunner.java:371)
at org.testng.SuiteRunner.privateRun(SuiteRunner.java:332)
at org.testng.SuiteRunner.run(SuiteRunner.java:276)
at org.testng.SuiteRunnerWorker.runSuite(SuiteRunnerWorker.java:53)
at org.testng.SuiteRunnerWorker.run(SuiteRunnerWorker.java:96)
at org.testng.TestNG.runSuitesSequentially(TestNG.java:1212)
at org.testng.TestNG.runSuitesLocally(TestNG.java:1134)
at org.testng.TestNG.runSuites(TestNG.java:1063)
at org.testng.TestNG.run(TestNG.java:1031)
at org.apache.maven.surefire.testng.TestNGExecutor.run(TestNGExecutor.java:284)
at org.apache.maven.surefire.testng.TestNGXmlTestSuite.execute(TestNGXmlTestSuite.java:75)
at org.apache.maven.surefire.testng.TestNGProvider.invoke(TestNGProvider.java:119)
at org.apache.maven.surefire.booter.ForkedBooter.runSuitesInProcess(ForkedBooter.java:428)
at org.apache.maven.surefire.booter.ForkedBooter.execute(ForkedBooter.java:162)
at org.apache.maven.surefire.booter.ForkedBooter.run(ForkedBooter.java:562)
at org.apache.maven.surefire.booter.ForkedBooter.main(ForkedBooter.java:548)
]]>
            </full-stacktrace>
          </exception> <!-- org.openqa.selenium.ElementClickInterceptedException -->
          <reporter-output>
          </reporter-output>
        </test-method> <!-- TC13_UpdateQuealthAssessmentWithPoorInputs -->
        <test-method status="PASS" signature="tearDown()[pri:0, instance:SeleniumJavaFramework.ReachHealthTests@ea6147e]" name="tearDown" is-config="true" duration-ms="4160" started-at="2022-02-12T16:24:27 IST" finished-at="2022-02-12T16:24:32 IST">
          <reporter-output>
          </reporter-output>
        </test-method> <!-- tearDown -->
        <test-method status="PASS" signature="setUp()[pri:0, instance:SeleniumJavaFramework.ReachHealthTests@ea6147e]" name="setUp" is-config="true" duration-ms="5413" started-at="2022-02-12T16:24:32 IST" finished-at="2022-02-12T16:24:37 IST">
          <reporter-output>
          </reporter-output>
        </test-method> <!-- setUp -->
        <test-method status="FAIL" signature="TC14_UpdateQuealthAssessmentWithGoodInputs(java.lang.String,java.lang.String)[pri:0, instance:SeleniumJavaFramework.ReachHealthTests@ea6147e]" name="TC14_UpdateQuealthAssessmentWithGoodInputs" duration-ms="10377" started-at="2022-02-12T16:24:37 IST" data-provider="getData" finished-at="2022-02-12T16:24:47 IST">
          <params>
            <param index="0">
              <value>
                <![CDATA[Pavan.goundla+2210@zenq.com]]>
              </value>
            </param>
            <param index="1">
              <value>
                <![CDATA[Pavan@123]]>
              </value>
            </param>
          </params>
          <exception class="org.openqa.selenium.ElementNotInteractableException">
            <message>
              <![CDATA[element not interactable
  (Session info: chrome=98.0.4758.82)
Build info: version: '3.141.59', revision: 'e82be7d358', time: '2018-11-14T08:17:03'
System info: host: 'SYSR159', ip: '192.168.0.7', os.name: 'Windows 10', os.arch: 'amd64', os.version: '10.0', java.version: '1.8.0_201'
Driver info: org.openqa.selenium.chrome.ChromeDriver
Capabilities {acceptInsecureCerts: false, browserName: chrome, browserVersion: 98.0.4758.82, chrome: {chromedriverVersion: 97.0.4692.71 (adefa7837d02a..., userDataDir: C:\Users\PAVAN~1.GOU\AppDat...}, goog:chromeOptions: {debuggerAddress: localhost:54423}, javascriptEnabled: true, networkConnectionEnabled: false, pageLoadStrategy: normal, platform: WINDOWS, platformName: WINDOWS, proxy: Proxy(), setWindowRect: true, strictFileInteractability: false, timeouts: {implicit: 0, pageLoad: 300000, script: 30000}, unhandledPromptBehavior: dismiss and notify, webauthn:extension:credBlob: true, webauthn:extension:largeBlob: true, webauthn:virtualAuthenticators: true}
Session ID: 1b510b96af0cfbede299d5a980203503]]>
            </message>
            <full-stacktrace>
              <![CDATA[org.openqa.selenium.ElementNotInteractableException: element not interactable
  (Session info: chrome=98.0.4758.82)
Build info: version: '3.141.59', revision: 'e82be7d358', time: '2018-11-14T08:17:03'
System info: host: 'SYSR159', ip: '192.168.0.7', os.name: 'Windows 10', os.arch: 'amd64', os.version: '10.0', java.version: '1.8.0_201'
Driver info: org.openqa.selenium.chrome.ChromeDriver
Capabilities {acceptInsecureCerts: false, browserName: chrome, browserVersion: 98.0.4758.82, chrome: {chromedriverVersion: 97.0.4692.71 (adefa7837d02a..., userDataDir: C:\Users\PAVAN~1.GOU\AppDat...}, goog:chromeOptions: {debuggerAddress: localhost:54423}, javascriptEnabled: true, networkConnectionEnabled: false, pageLoadStrategy: normal, platform: WINDOWS, platformName: WINDOWS, proxy: Proxy(), setWindowRect: true, strictFileInteractability: false, timeouts: {implicit: 0, pageLoad: 300000, script: 30000}, unhandledPromptBehavior: dismiss and notify, webauthn:extension:credBlob: true, webauthn:extension:largeBlob: true, webauthn:virtualAuthenticators: true}
Session ID: 1b510b96af0cfbede299d5a980203503
at sun.reflect.NativeConstructorAccessorImpl.newInstance0(Native Method)
at sun.reflect.NativeConstructorAccessorImpl.newInstance(NativeConstructorAccessorImpl.java:62)
at sun.reflect.DelegatingConstructorAccessorImpl.newInstance(DelegatingConstructorAccessorImpl.java:45)
at java.lang.reflect.Constructor.newInstance(Constructor.java:423)
at org.openqa.selenium.remote.http.W3CHttpResponseCodec.createException(W3CHttpResponseCodec.java:187)
at org.openqa.selenium.remote.http.W3CHttpResponseCodec.decode(W3CHttpResponseCodec.java:122)
at org.openqa.selenium.remote.http.W3CHttpResponseCodec.decode(W3CHttpResponseCodec.java:49)
at org.openqa.selenium.remote.HttpCommandExecutor.execute(HttpCommandExecutor.java:158)
at org.openqa.selenium.remote.service.DriverCommandExecutor.execute(DriverCommandExecutor.java:83)
at org.openqa.selenium.remote.RemoteWebDriver.execute(RemoteWebDriver.java:552)
at org.openqa.selenium.remote.RemoteWebElement.execute(RemoteWebElement.java:285)
at org.openqa.selenium.remote.RemoteWebElement.sendKeys(RemoteWebElement.java:106)
at pageObjects.AssessmentsPage.answerVigorousIntensityActivityQuestion(AssessmentsPage.java:138)
at SeleniumJavaFramework.ReachHealthTests.TC14_UpdateQuealthAssessmentWithGoodInputs(ReachHealthTests.java:834)
at sun.reflect.NativeMethodAccessorImpl.invoke0(Native Method)
at sun.reflect.NativeMethodAccessorImpl.invoke(NativeMethodAccessorImpl.java:62)
at sun.reflect.DelegatingMethodAccessorImpl.invoke(DelegatingMethodAccessorImpl.java:43)
at java.lang.reflect.Method.invoke(Method.java:498)
at org.testng.internal.MethodInvocationHelper.invokeMethod(MethodInvocationHelper.java:133)
at org.testng.internal.TestInvoker.invokeMethod(TestInvoker.java:598)
at org.testng.internal.TestInvoker.invokeTestMethod(TestInvoker.java:173)
at org.testng.internal.MethodRunner.runInSequence(MethodRunner.java:46)
at org.testng.internal.TestInvoker$MethodInvocationAgent.invoke(TestInvoker.java:824)
at org.testng.internal.TestInvoker.invokeTestMethods(TestInvoker.java:146)
at org.testng.internal.TestMethodWorker.invokeTestMethods(TestMethodWorker.java:146)
at org.testng.internal.TestMethodWorker.run(TestMethodWorker.java:128)
at java.util.ArrayList.forEach(ArrayList.java:1257)
at org.testng.TestRunner.privateRun(TestRunner.java:794)
at org.testng.TestRunner.run(TestRunner.java:596)
at org.testng.SuiteRunner.runTest(SuiteRunner.java:377)
at org.testng.SuiteRunner.runSequentially(SuiteRunner.java:371)
at org.testng.SuiteRunner.privateRun(SuiteRunner.java:332)
at org.testng.SuiteRunner.run(SuiteRunner.java:276)
at org.testng.SuiteRunnerWorker.runSuite(SuiteRunnerWorker.java:53)
at org.testng.SuiteRunnerWorker.run(SuiteRunnerWorker.java:96)
at org.testng.TestNG.runSuitesSequentially(TestNG.java:1212)
at org.testng.TestNG.runSuitesLocally(TestNG.java:1134)
at org.testng.TestNG.runSuites(TestNG.java:1063)
at org.testng.TestNG.run(TestNG.java:1031)
at org.apache.maven.surefire.testng.TestNGExecutor.run(TestNGExecutor.java:284)
at org.apache.maven.surefire.testng.TestNGXmlTestSuite.execute(TestNGXmlTestSuite.java:75)
at org.apache.maven.surefire.testng.TestNGProvider.invoke(TestNGProvider.java:119)
at org.apache.maven.surefire.booter.ForkedBooter.runSuitesInProcess(ForkedBooter.java:428)
at org.apache.maven.surefire.booter.ForkedBooter.execute(ForkedBooter.java:162)
at org.apache.maven.surefire.booter.ForkedBooter.run(ForkedBooter.java:562)
at org.apache.maven.surefire.booter.ForkedBooter.main(ForkedBooter.java:548)
]]>
            </full-stacktrace>
          </exception> <!-- org.openqa.selenium.ElementNotInteractableException -->
          <reporter-output>
          </reporter-output>
        </test-method> <!-- TC14_UpdateQuealthAssessmentWithGoodInputs -->
        <test-method status="PASS" signature="tearDown()[pri:0, instance:SeleniumJavaFramework.ReachHealthTests@ea6147e]" name="tearDown" is-config="true" duration-ms="4201" started-at="2022-02-12T16:24:48 IST" finished-at="2022-02-12T16:24:52 IST">
          <reporter-output>
          </reporter-output>
        </test-method> <!-- tearDown -->
      </class> <!-- SeleniumJavaFramework.ReachHealthTests -->
    </test> <!-- Test -->
  </suite> <!-- Suite -->
</testng-results>
