<?xml version="1.0" encoding="UTF-8"?>
<testng-results ignored="0" total="10" passed="9" failed="1" skipped="0">
  <reporter-output>
  </reporter-output>
  <suite started-at="2022-02-02T18:12:49 IST" name="Default suite" finished-at="2022-02-02T18:15:06 IST" duration-ms="137568">
    <groups>
    </groups>
    <test started-at="2022-02-02T18:12:49 IST" name="Default test" finished-at="2022-02-02T18:15:06 IST" duration-ms="137568">
      <class name="SeleniumJavaFramework.ReachHealthTests">
        <test-method is-config="true" signature="setUp()[pri:0, instance:SeleniumJavaFramework.ReachHealthTests@5669c5fb]" started-at="2022-02-02T18:12:49 IST" name="setUp" finished-at="2022-02-02T18:12:54 IST" duration-ms="5256" status="PASS">
          <reporter-output>
          </reporter-output>
        </test-method> <!-- setUp -->
        <test-method signature="TC01_loginToReachHealthWithValidCredentials(java.lang.String,java.lang.String)[pri:0, instance:SeleniumJavaFramework.ReachHealthTests@5669c5fb]" started-at="2022-02-02T18:12:54 IST" name="TC01_loginToReachHealthWithValidCredentials" data-provider="getData" finished-at="2022-02-02T18:13:01 IST" duration-ms="7587" status="PASS">
          <params>
            <param index="0">
              <value>
                <![CDATA[Pavan.goundla+2210@zenq.com]]>
              </value>
            </param>
            <param index="1">
              <value>
                <![CDATA[Pavan@123]]>
              </value>
            </param>
          </params>
          <reporter-output>
          </reporter-output>
        </test-method> <!-- TC01_loginToReachHealthWithValidCredentials -->
        <test-method is-config="true" signature="tearDown()[pri:0, instance:SeleniumJavaFramework.ReachHealthTests@5669c5fb]" started-at="2022-02-02T18:13:01 IST" name="tearDown" finished-at="2022-02-02T18:13:06 IST" duration-ms="4255" status="PASS">
          <reporter-output>
          </reporter-output>
        </test-method> <!-- tearDown -->
        <test-method is-config="true" signature="setUp()[pri:0, instance:SeleniumJavaFramework.ReachHealthTests@5669c5fb]" started-at="2022-02-02T18:13:06 IST" name="setUp" finished-at="2022-02-02T18:13:10 IST" duration-ms="3868" status="PASS">
          <reporter-output>
          </reporter-output>
        </test-method> <!-- setUp -->
        <test-method signature="TC02_loginToReachHealthWithInvalidCredentials()[pri:0, instance:SeleniumJavaFramework.ReachHealthTests@5669c5fb]" started-at="2022-02-02T18:13:10 IST" name="TC02_loginToReachHealthWithInvalidCredentials" finished-at="2022-02-02T18:13:11 IST" duration-ms="1390" status="PASS">
          <reporter-output>
          </reporter-output>
        </test-method> <!-- TC02_loginToReachHealthWithInvalidCredentials -->
        <test-method is-config="true" signature="tearDown()[pri:0, instance:SeleniumJavaFramework.ReachHealthTests@5669c5fb]" started-at="2022-02-02T18:13:11 IST" name="tearDown" finished-at="2022-02-02T18:13:21 IST" duration-ms="9646" status="PASS">
          <reporter-output>
          </reporter-output>
        </test-method> <!-- tearDown -->
        <test-method is-config="true" signature="setUp()[pri:0, instance:SeleniumJavaFramework.ReachHealthTests@5669c5fb]" started-at="2022-02-02T18:13:21 IST" name="setUp" finished-at="2022-02-02T18:13:24 IST" duration-ms="3227" status="PASS">
          <reporter-output>
          </reporter-output>
        </test-method> <!-- setUp -->
        <test-method signature="TC03_validateAllPageTabs(java.lang.String,java.lang.String)[pri:0, instance:SeleniumJavaFramework.ReachHealthTests@5669c5fb]" started-at="2022-02-02T18:13:24 IST" name="TC03_validateAllPageTabs" data-provider="getData" finished-at="2022-02-02T18:13:36 IST" duration-ms="12544" status="FAIL">
          <params>
            <param index="0">
              <value>
                <![CDATA[Pavan.goundla+2210@zenq.com]]>
              </value>
            </param>
            <param index="1">
              <value>
                <![CDATA[Pavan@123]]>
              </value>
            </param>
          </params>
          <exception class="java.lang.AssertionError">
            <message>
              <![CDATA[expected [https://demo.reachhealth.io/#/goals/create] but found [https://demo.reachhealth.io/#/goals/active]]]>
            </message>
            <full-stacktrace>
              <![CDATA[java.lang.AssertionError: expected [https://demo.reachhealth.io/#/goals/create] but found [https://demo.reachhealth.io/#/goals/active]
at org.testng.Assert.fail(Assert.java:99)
at org.testng.Assert.failNotEquals(Assert.java:1037)
at org.testng.Assert.assertEqualsImpl(Assert.java:140)
at org.testng.Assert.assertEquals(Assert.java:122)
at org.testng.Assert.assertEquals(Assert.java:629)
at org.testng.Assert.assertEquals(Assert.java:639)
at SeleniumJavaFramework.ReachHealthTests.TC03_validateAllPageTabs(ReachHealthTests.java:198)
at java.base/jdk.internal.reflect.NativeMethodAccessorImpl.invoke0(Native Method)
at java.base/jdk.internal.reflect.NativeMethodAccessorImpl.invoke(NativeMethodAccessorImpl.java:78)
at java.base/jdk.internal.reflect.DelegatingMethodAccessorImpl.invoke(DelegatingMethodAccessorImpl.java:43)
at java.base/java.lang.reflect.Method.invoke(Method.java:567)
at org.testng.internal.MethodInvocationHelper.invokeMethod(MethodInvocationHelper.java:133)
at org.testng.internal.TestInvoker.invokeMethod(TestInvoker.java:598)
at org.testng.internal.TestInvoker.invokeTestMethod(TestInvoker.java:173)
at org.testng.internal.MethodRunner.runInSequence(MethodRunner.java:46)
at org.testng.internal.TestInvoker$MethodInvocationAgent.invoke(TestInvoker.java:824)
at org.testng.internal.TestInvoker.invokeTestMethods(TestInvoker.java:146)
at org.testng.internal.TestMethodWorker.invokeTestMethods(TestMethodWorker.java:146)
at org.testng.internal.TestMethodWorker.run(TestMethodWorker.java:128)
at java.base/java.util.ArrayList.forEach(ArrayList.java:1511)
at org.testng.TestRunner.privateRun(TestRunner.java:794)
at org.testng.TestRunner.run(TestRunner.java:596)
at org.testng.SuiteRunner.runTest(SuiteRunner.java:377)
at org.testng.SuiteRunner.runSequentially(SuiteRunner.java:371)
at org.testng.SuiteRunner.privateRun(SuiteRunner.java:332)
at org.testng.SuiteRunner.run(SuiteRunner.java:276)
at org.testng.SuiteRunnerWorker.runSuite(SuiteRunnerWorker.java:53)
at org.testng.SuiteRunnerWorker.run(SuiteRunnerWorker.java:96)
at org.testng.TestNG.runSuitesSequentially(TestNG.java:1212)
at org.testng.TestNG.runSuitesLocally(TestNG.java:1134)
at org.testng.TestNG.runSuites(TestNG.java:1063)
at org.testng.TestNG.run(TestNG.java:1031)
at org.testng.remote.AbstractRemoteTestNG.run(AbstractRemoteTestNG.java:115)
at org.testng.remote.RemoteTestNG.initAndRun(RemoteTestNG.java:251)
at org.testng.remote.RemoteTestNG.main(RemoteTestNG.java:77)
]]>
            </full-stacktrace>
          </exception> <!-- java.lang.AssertionError -->
          <reporter-output>
          </reporter-output>
        </test-method> <!-- TC03_validateAllPageTabs -->
        <test-method is-config="true" signature="tearDown()[pri:0, instance:SeleniumJavaFramework.ReachHealthTests@5669c5fb]" started-at="2022-02-02T18:13:36 IST" name="tearDown" finished-at="2022-02-02T18:13:41 IST" duration-ms="4256" status="PASS">
          <reporter-output>
          </reporter-output>
        </test-method> <!-- tearDown -->
        <test-method is-config="true" signature="setUp()[pri:0, instance:SeleniumJavaFramework.ReachHealthTests@5669c5fb]" started-at="2022-02-02T18:13:41 IST" name="setUp" finished-at="2022-02-02T18:13:44 IST" duration-ms="3367" status="PASS">
          <reporter-output>
          </reporter-output>
        </test-method> <!-- setUp -->
        <test-method signature="TC04_verifyDashboardPageSections(java.lang.String,java.lang.String)[pri:0, instance:SeleniumJavaFramework.ReachHealthTests@5669c5fb]" started-at="2022-02-02T18:13:44 IST" name="TC04_verifyDashboardPageSections" data-provider="getData" finished-at="2022-02-02T18:13:50 IST" duration-ms="6268" status="PASS">
          <params>
            <param index="0">
              <value>
                <![CDATA[Pavan.goundla+2210@zenq.com]]>
              </value>
            </param>
            <param index="1">
              <value>
                <![CDATA[Pavan@123]]>
              </value>
            </param>
          </params>
          <reporter-output>
          </reporter-output>
        </test-method> <!-- TC04_verifyDashboardPageSections -->
        <test-method is-config="true" signature="tearDown()[pri:0, instance:SeleniumJavaFramework.ReachHealthTests@5669c5fb]" started-at="2022-02-02T18:13:50 IST" name="tearDown" finished-at="2022-02-02T18:13:54 IST" duration-ms="4225" status="PASS">
          <reporter-output>
          </reporter-output>
        </test-method> <!-- tearDown -->
        <test-method is-config="true" signature="setUp()[pri:0, instance:SeleniumJavaFramework.ReachHealthTests@5669c5fb]" started-at="2022-02-02T18:13:54 IST" name="setUp" finished-at="2022-02-02T18:13:59 IST" duration-ms="4423" status="PASS">
          <reporter-output>
          </reporter-output>
        </test-method> <!-- setUp -->
        <test-method signature="TC05_viewQuealthReport(java.lang.String,java.lang.String)[pri:0, instance:SeleniumJavaFramework.ReachHealthTests@5669c5fb]" started-at="2022-02-02T18:13:59 IST" name="TC05_viewQuealthReport" data-provider="getData" finished-at="2022-02-02T18:14:06 IST" duration-ms="7277" status="PASS">
          <params>
            <param index="0">
              <value>
                <![CDATA[Pavan.goundla+2210@zenq.com]]>
              </value>
            </param>
            <param index="1">
              <value>
                <![CDATA[Pavan@123]]>
              </value>
            </param>
          </params>
          <reporter-output>
          </reporter-output>
        </test-method> <!-- TC05_viewQuealthReport -->
        <test-method is-config="true" signature="tearDown()[pri:0, instance:SeleniumJavaFramework.ReachHealthTests@5669c5fb]" started-at="2022-02-02T18:14:06 IST" name="tearDown" finished-at="2022-02-02T18:14:10 IST" duration-ms="4229" status="PASS">
          <reporter-output>
          </reporter-output>
        </test-method> <!-- tearDown -->
        <test-method is-config="true" signature="setUp()[pri:0, instance:SeleniumJavaFramework.ReachHealthTests@5669c5fb]" started-at="2022-02-02T18:14:10 IST" name="setUp" finished-at="2022-02-02T18:14:15 IST" duration-ms="4260" status="PASS">
          <reporter-output>
          </reporter-output>
        </test-method> <!-- setUp -->
        <test-method signature="TC06_verifyAssessmentPageSections(java.lang.String,java.lang.String)[pri:0, instance:SeleniumJavaFramework.ReachHealthTests@5669c5fb]" started-at="2022-02-02T18:14:15 IST" name="TC06_verifyAssessmentPageSections" data-provider="getData" finished-at="2022-02-02T18:14:21 IST" duration-ms="6036" status="PASS">
          <params>
            <param index="0">
              <value>
                <![CDATA[Pavan.goundla+2210@zenq.com]]>
              </value>
            </param>
            <param index="1">
              <value>
                <![CDATA[Pavan@123]]>
              </value>
            </param>
          </params>
          <reporter-output>
          </reporter-output>
        </test-method> <!-- TC06_verifyAssessmentPageSections -->
        <test-method is-config="true" signature="tearDown()[pri:0, instance:SeleniumJavaFramework.ReachHealthTests@5669c5fb]" started-at="2022-02-02T18:14:21 IST" name="tearDown" finished-at="2022-02-02T18:14:25 IST" duration-ms="4229" status="PASS">
          <reporter-output>
          </reporter-output>
        </test-method> <!-- tearDown -->
        <test-method is-config="true" signature="setUp()[pri:0, instance:SeleniumJavaFramework.ReachHealthTests@5669c5fb]" started-at="2022-02-02T18:14:25 IST" name="setUp" finished-at="2022-02-02T18:14:29 IST" duration-ms="3838" status="PASS">
          <reporter-output>
          </reporter-output>
        </test-method> <!-- setUp -->
        <test-method signature="TC07_verifyGoalsPageSections(java.lang.String,java.lang.String)[pri:0, instance:SeleniumJavaFramework.ReachHealthTests@5669c5fb]" started-at="2022-02-02T18:14:29 IST" name="TC07_verifyGoalsPageSections" data-provider="getData" finished-at="2022-02-02T18:14:34 IST" duration-ms="5719" status="PASS">
          <params>
            <param index="0">
              <value>
                <![CDATA[Pavan.goundla+2210@zenq.com]]>
              </value>
            </param>
            <param index="1">
              <value>
                <![CDATA[Pavan@123]]>
              </value>
            </param>
          </params>
          <reporter-output>
          </reporter-output>
        </test-method> <!-- TC07_verifyGoalsPageSections -->
        <test-method is-config="true" signature="tearDown()[pri:0, instance:SeleniumJavaFramework.ReachHealthTests@5669c5fb]" started-at="2022-02-02T18:14:34 IST" name="tearDown" finished-at="2022-02-02T18:14:35 IST" duration-ms="228" status="PASS">
          <reporter-output>
          </reporter-output>
        </test-method> <!-- tearDown -->
        <test-method is-config="true" signature="setUp()[pri:0, instance:SeleniumJavaFramework.ReachHealthTests@5669c5fb]" started-at="2022-02-02T18:14:35 IST" name="setUp" finished-at="2022-02-02T18:14:39 IST" duration-ms="4164" status="PASS">
          <reporter-output>
          </reporter-output>
        </test-method> <!-- setUp -->
        <test-method signature="TC08_verifyActivityPageSections(java.lang.String,java.lang.String)[pri:0, instance:SeleniumJavaFramework.ReachHealthTests@5669c5fb]" started-at="2022-02-02T18:14:39 IST" name="TC08_verifyActivityPageSections" data-provider="getData" finished-at="2022-02-02T18:14:46 IST" duration-ms="7430" status="PASS">
          <params>
            <param index="0">
              <value>
                <![CDATA[Pavan.goundla+2210@zenq.com]]>
              </value>
            </param>
            <param index="1">
              <value>
                <![CDATA[Pavan@123]]>
              </value>
            </param>
          </params>
          <reporter-output>
          </reporter-output>
        </test-method> <!-- TC08_verifyActivityPageSections -->
        <test-method is-config="true" signature="tearDown()[pri:0, instance:SeleniumJavaFramework.ReachHealthTests@5669c5fb]" started-at="2022-02-02T18:14:46 IST" name="tearDown" finished-at="2022-02-02T18:14:47 IST" duration-ms="269" status="PASS">
          <reporter-output>
          </reporter-output>
        </test-method> <!-- tearDown -->
        <test-method is-config="true" signature="setUp()[pri:0, instance:SeleniumJavaFramework.ReachHealthTests@5669c5fb]" started-at="2022-02-02T18:14:47 IST" name="setUp" finished-at="2022-02-02T18:14:51 IST" duration-ms="4201" status="PASS">
          <reporter-output>
          </reporter-output>
        </test-method> <!-- setUp -->
        <test-method signature="TC09_verifyResourcesPageSections(java.lang.String,java.lang.String)[pri:0, instance:SeleniumJavaFramework.ReachHealthTests@5669c5fb]" started-at="2022-02-02T18:14:51 IST" name="TC09_verifyResourcesPageSections" data-provider="getData" finished-at="2022-02-02T18:14:57 IST" duration-ms="5717" status="PASS">
          <params>
            <param index="0">
              <value>
                <![CDATA[Pavan.goundla+2210@zenq.com]]>
              </value>
            </param>
            <param index="1">
              <value>
                <![CDATA[Pavan@123]]>
              </value>
            </param>
          </params>
          <reporter-output>
          </reporter-output>
        </test-method> <!-- TC09_verifyResourcesPageSections -->
        <test-method is-config="true" signature="tearDown()[pri:0, instance:SeleniumJavaFramework.ReachHealthTests@5669c5fb]" started-at="2022-02-02T18:14:57 IST" name="tearDown" finished-at="2022-02-02T18:14:57 IST" duration-ms="399" status="PASS">
          <reporter-output>
          </reporter-output>
        </test-method> <!-- tearDown -->
        <test-method is-config="true" signature="setUp()[pri:0, instance:SeleniumJavaFramework.ReachHealthTests@5669c5fb]" started-at="2022-02-02T18:14:57 IST" name="setUp" finished-at="2022-02-02T18:15:02 IST" duration-ms="5295" status="PASS">
          <reporter-output>
          </reporter-output>
        </test-method> <!-- setUp -->
        <test-method signature="TC11_validateUserAccountSettings(java.lang.String,java.lang.String)[pri:0, instance:SeleniumJavaFramework.ReachHealthTests@5669c5fb]" started-at="2022-02-02T18:15:02 IST" name="TC11_validateUserAccountSettings" data-provider="getData" finished-at="2022-02-02T18:15:06 IST" duration-ms="3341" status="PASS">
          <params>
            <param index="0">
              <value>
                <![CDATA[Pavan.goundla+2210@zenq.com]]>
              </value>
            </param>
            <param index="1">
              <value>
                <![CDATA[Pavan@123]]>
              </value>
            </param>
          </params>
          <reporter-output>
          </reporter-output>
        </test-method> <!-- TC11_validateUserAccountSettings -->
        <test-method is-config="true" signature="tearDown()[pri:0, instance:SeleniumJavaFramework.ReachHealthTests@5669c5fb]" started-at="2022-02-02T18:15:06 IST" name="tearDown" finished-at="2022-02-02T18:15:06 IST" duration-ms="531" status="PASS">
          <reporter-output>
          </reporter-output>
        </test-method> <!-- tearDown -->
      </class> <!-- SeleniumJavaFramework.ReachHealthTests -->
    </test> <!-- Default test -->
  </suite> <!-- Default suite -->
</testng-results>
